Using pre-set license
Built from '2020.3/release' branch; Version is '2020.3.31f1 (6b54b7616050) revision 7034039'; Using compiler version '192528614'; Build Type 'Release'
OS: 'Windows 10  (10.0.19044) 64bit Core' Language: 'ko' Physical Memory: 16303 MB
BatchMode: 1, IsHumanControllingUs: 0, StartBugReporterOnCrash: 0, Is64bit: 1, IsPro: 0

COMMAND LINE ARGUMENTS:
C:\Program Files\Unity\Hub\Editor\2020.3.31f1\Editor\Unity.exe
-adb2
-batchMode
-noUpm
-name
AssetImportWorker0
-projectPath
C:/Users/medici/Documents/GitHub/AR_Project/ARFoundation_FloorExample
-logFile
Logs/AssetImportWorker0.log
-srvPort
54348
Successfully changed project path to: C:/Users/medici/Documents/GitHub/AR_Project/ARFoundation_FloorExample
C:/Users/medici/Documents/GitHub/AR_Project/ARFoundation_FloorExample
Using Asset Import Pipeline V2.
Refreshing native plugins compatible for Editor in 39.98 ms, found 2 plugins.
Preloading 0 native plugins for Editor in 0.00 ms.
Initialize engine version: 2020.3.31f1 (6b54b7616050)
[Subsystems] Discovering subsystems at path C:/Program Files/Unity/Hub/Editor/2020.3.31f1/Editor/Data/Resources/UnitySubsystems
[Subsystems] Discovering subsystems at path C:/Users/medici/Documents/GitHub/AR_Project/ARFoundation_FloorExample/Assets
GfxDevice: creating device client; threaded=0
Direct3D:
    Version:  Direct3D 11.0 [level 11.1]
    Renderer: NVIDIA GeForce RTX 2070 with Max-Q Design (ID=0x1f50)
    Vendor:   
    VRAM:     8031 MB
    Driver:   26.21.14.3165
Initialize mono
Mono path[0] = 'C:/Program Files/Unity/Hub/Editor/2020.3.31f1/Editor/Data/Managed'
Mono path[1] = 'C:/Program Files/Unity/Hub/Editor/2020.3.31f1/Editor/Data/MonoBleedingEdge/lib/mono/unityjit'
Mono config path = 'C:/Program Files/Unity/Hub/Editor/2020.3.31f1/Editor/Data/MonoBleedingEdge/etc'
Using monoOptions --debugger-agent=transport=dt_socket,embedding=1,server=y,suspend=n,address=127.0.0.1:56580
Begin MonoManager ReloadAssembly
Registering precompiled unity dll's ...
Register platform support module: C:/Program Files/Unity/Hub/Editor/2020.3.31f1/Editor/Data/PlaybackEngines/WindowsStandaloneSupport/UnityEditor.WindowsStandalone.Extensions.dll
Registered in 0.002313 seconds.
Native extension for WindowsStandalone target not found
Refreshing native plugins compatible for Editor in 37.29 ms, found 2 plugins.
Preloading 0 native plugins for Editor in 0.00 ms.
Mono: successfully reloaded assembly
- Completed reload, in  0.616 seconds
Domain Reload Profiling:
	ReloadAssembly (616ms)
		BeginReloadAssembly (75ms)
			ExecutionOrderSort (0ms)
			DisableScriptedObjects (0ms)
			BackupInstance (0ms)
			ReleaseScriptingObjects (0ms)
			CreateAndSetChildDomain (1ms)
		EndReloadAssembly (464ms)
			LoadAssemblies (72ms)
			RebuildTransferFunctionScriptingTraits (0ms)
			SetupTypeCache (145ms)
			ReleaseScriptCaches (0ms)
			RebuildScriptCaches (37ms)
			SetupLoadedEditorAssemblies (173ms)
				LogAssemblyErrors (0ms)
				InitializePlatformSupportModulesInManaged (5ms)
				SetLoadedEditorAssemblies (0ms)
				RefreshPlugins (37ms)
				BeforeProcessingInitializeOnLoad (14ms)
				ProcessInitializeOnLoadAttributes (87ms)
				ProcessInitializeOnLoadMethodAttributes (29ms)
				AfterProcessingInitializeOnLoad (0ms)
				EditorAssembliesLoaded (0ms)
			ExecutionOrderSort2 (0ms)
			AwakeInstancesAfterBackupRestoration (0ms)
Platform modules already initialized, skipping
Registering precompiled user dll's ...
Registered in 0.003749 seconds.
Begin MonoManager ReloadAssembly
Native extension for WindowsStandalone target not found
Refreshing native plugins compatible for Editor in 0.43 ms, found 2 plugins.
Preloading 0 native plugins for Editor in 0.00 ms.
Mono: successfully reloaded assembly
- Completed reload, in  1.095 seconds
Domain Reload Profiling:
	ReloadAssembly (1096ms)
		BeginReloadAssembly (163ms)
			ExecutionOrderSort (0ms)
			DisableScriptedObjects (5ms)
			BackupInstance (0ms)
			ReleaseScriptingObjects (0ms)
			CreateAndSetChildDomain (20ms)
		EndReloadAssembly (867ms)
			LoadAssemblies (106ms)
			RebuildTransferFunctionScriptingTraits (0ms)
			SetupTypeCache (273ms)
			ReleaseScriptCaches (0ms)
			RebuildScriptCaches (53ms)
			SetupLoadedEditorAssemblies (351ms)
				LogAssemblyErrors (0ms)
				InitializePlatformSupportModulesInManaged (5ms)
				SetLoadedEditorAssemblies (1ms)
				RefreshPlugins (1ms)
				BeforeProcessingInitializeOnLoad (118ms)
				ProcessInitializeOnLoadAttributes (208ms)
				ProcessInitializeOnLoadMethodAttributes (10ms)
				AfterProcessingInitializeOnLoad (8ms)
				EditorAssembliesLoaded (0ms)
			ExecutionOrderSort2 (0ms)
			AwakeInstancesAfterBackupRestoration (7ms)
Platform modules already initialized, skipping
========================================================================
Worker process is ready to serve import requests
Launched and connected shader compiler UnityShaderCompiler.exe after 0.08 seconds
Refreshing native plugins compatible for Editor in 0.40 ms, found 2 plugins.
Preloading 0 native plugins for Editor in 0.00 ms.
Unloading 1879 Unused Serialized files (Serialized files now loaded: 0)
System memory in use before: 88.8 MB.
System memory in use after: 88.8 MB.

Unloading 18 unused Assets to reduce memory usage. Loaded Objects now: 2318.
Total: 2.921500 ms (FindLiveObjects: 0.131300 ms CreateObjectMapping: 0.060400 ms MarkObjects: 2.656700 ms  DeleteObjects: 0.072300 ms)

AssetImportParameters requested are different than current active one (requested -> active):
  custom:framework-win-MediaFoundation: 216162199b28c13a410421893ffa2e32 -> 
  custom:video-decoder-ogg-theora: a1e56fd34408186e4bbccfd4996cb3dc -> 
  custom:container-muxer-webm: aa71ff27fc2769a1b78a27578f13a17b -> 
  custom:container-demuxer-webm: 4f35f7cbe854078d1ac9338744f61a02 -> 
  custom:container-demuxer-ogg: 62fdf1f143b41e24485cea50d1cbac27 -> 
  custom:video-encoder-webm-vp8: eb34c28f22e8b96e1ab97ce403110664 -> 
  custom:video-decoder-webm-vp8: 9c59270c3fd7afecdb556c50c9e8de78 -> 
  custom:audio-decoder-ogg-vorbis: bf7c407c2cedff20999df2af8eb42d56 -> 
  custom:audio-encoder-webm-vorbis: bf7c407c2cedff20999df2af8eb42d56 -> 
========================================================================
Received Import Request.
  path: Assets/Image/marker2.png
  artifactKey: Guid(41fea5329ddd9c64dae692952eeaba59) Importer(815301076,1909f56bfc062723c751e8b465ee728b)
Start importing Assets/Image/marker2.png using Guid(41fea5329ddd9c64dae692952eeaba59) Importer(815301076,1909f56bfc062723c751e8b465ee728b)  -> (artifact id: '4e2880dfb33233fee3c5d83c289ec330') in 0.097309 seconds 
========================================================================
Received Import Request.
  Time since last request: 4.022798 seconds.
  path: Assets/unity-chan!/Unity-chan! Model/Art/Stage/Shader/Textures/AlphaMask.png
  artifactKey: Guid(b6944b8ec29ad124c9ebbe7b111fdfd5) Importer(815301076,1909f56bfc062723c751e8b465ee728b)
Start importing Assets/unity-chan!/Unity-chan! Model/Art/Stage/Shader/Textures/AlphaMask.png using Guid(b6944b8ec29ad124c9ebbe7b111fdfd5) Importer(815301076,1909f56bfc062723c751e8b465ee728b)  -> (artifact id: 'b38149f6cb258d9926a673a839f0235c') in 0.036296 seconds 
========================================================================
Received Import Request.
  Time since last request: 0.000194 seconds.
  path: Assets/unity-chan!/Unity-chan! Model/Art/UnityChanShader/Texture/body_01_NRM.tga
  artifactKey: Guid(3a3c0acc807e9264ca0b32602a928a9a) Importer(815301076,1909f56bfc062723c751e8b465ee728b)
Start importing Assets/unity-chan!/Unity-chan! Model/Art/UnityChanShader/Texture/body_01_NRM.tga using Guid(3a3c0acc807e9264ca0b32602a928a9a) Importer(815301076,1909f56bfc062723c751e8b465ee728b)  -> (artifact id: 'e4eb8cf3004583d80a2e535563740192') in 0.037824 seconds 
========================================================================
Received Import Request.
  Time since last request: 0.000242 seconds.
  path: Assets/unity-chan!/Unity-chan! Model/Art/UnityChanShader/Texture/eyeline_00.tga
  artifactKey: Guid(e315db926a0705845b12da3cc80ea306) Importer(815301076,1909f56bfc062723c751e8b465ee728b)
Start importing Assets/unity-chan!/Unity-chan! Model/Art/UnityChanShader/Texture/eyeline_00.tga using Guid(e315db926a0705845b12da3cc80ea306) Importer(815301076,1909f56bfc062723c751e8b465ee728b)  -> (artifact id: '287a20b9f24e2b1b7c4e6e979a709d90') in 0.015183 seconds 
========================================================================
Received Import Request.
  Time since last request: 0.000263 seconds.
  path: Assets/unity-chan!/Unity-chan! Model/SplashScreen/Logo/Light_Silhouette.png
  artifactKey: Guid(f0b1c60b0227e4e1fa89a56252ded127) Importer(815301076,1909f56bfc062723c751e8b465ee728b)
Start importing Assets/unity-chan!/Unity-chan! Model/SplashScreen/Logo/Light_Silhouette.png using Guid(f0b1c60b0227e4e1fa89a56252ded127) Importer(815301076,1909f56bfc062723c751e8b465ee728b)  -> (artifact id: '1c6b289f9c25a83ad4991d8a4c4957e1') in 0.029032 seconds 
========================================================================
Received Import Request.
  Time since last request: 0.000266 seconds.
  path: Assets/unity-chan!/Unity-chan! Model/Art/UnityChanShader/Texture/DEFAULT_NORMAL.tga
  artifactKey: Guid(f90e3449ad3674016962a3aba3d31a06) Importer(815301076,1909f56bfc062723c751e8b465ee728b)
Start importing Assets/unity-chan!/Unity-chan! Model/Art/UnityChanShader/Texture/DEFAULT_NORMAL.tga using Guid(f90e3449ad3674016962a3aba3d31a06) Importer(815301076,1909f56bfc062723c751e8b465ee728b)  -> (artifact id: '4c20370e4b5607584cf4a69a85823bb0') in 0.013758 seconds 
========================================================================
Received Import Request.
  Time since last request: 0.000308 seconds.
  path: Assets/unity-chan!/Unity-chan! Model/Art/UnityChanShader/Texture/ENV2.tga
  artifactKey: Guid(763c5d30206d1d54a9b49b3309e37fe1) Importer(815301076,1909f56bfc062723c751e8b465ee728b)
Start importing Assets/unity-chan!/Unity-chan! Model/Art/UnityChanShader/Texture/ENV2.tga using Guid(763c5d30206d1d54a9b49b3309e37fe1) Importer(815301076,1909f56bfc062723c751e8b465ee728b)  -> (artifact id: 'cb0517910f227da6636081065a89ebf0') in 0.012833 seconds 
========================================================================
Received Import Request.
  Time since last request: 0.000303 seconds.
  path: Assets/unity-chan!/Unity-chan! Model/Art/Stage/Textures/unitychan_tile4.png
  artifactKey: Guid(42b4ccc65ecc7874e84c7e9a7a3d2a16) Importer(815301076,1909f56bfc062723c751e8b465ee728b)
Start importing Assets/unity-chan!/Unity-chan! Model/Art/Stage/Textures/unitychan_tile4.png using Guid(42b4ccc65ecc7874e84c7e9a7a3d2a16) Importer(815301076,1909f56bfc062723c751e8b465ee728b)  -> (artifact id: '20c3a8638c62bc7c7b679e993ce65182') in 0.033904 seconds 
========================================================================
Received Import Request.
  Time since last request: 0.000194 seconds.
  path: Assets/unity-chan!/Unity-chan! Model/Art/UnityChanShader/Texture/eye_iris_L_00.tga
  artifactKey: Guid(66f06726158899242adaf95180360b7b) Importer(815301076,1909f56bfc062723c751e8b465ee728b)
Start importing Assets/unity-chan!/Unity-chan! Model/Art/UnityChanShader/Texture/eye_iris_L_00.tga using Guid(66f06726158899242adaf95180360b7b) Importer(815301076,1909f56bfc062723c751e8b465ee728b)  -> (artifact id: '13b55f242413856159a73a328b89471a') in 0.017347 seconds 
========================================================================
Received Import Request.
  Time since last request: 0.000258 seconds.
  path: Assets/unity-chan!/Unity-chan! Model/Art/UnityChanShader/Texture/FO_RIM1.tga
  artifactKey: Guid(a18067604964b5a4d8fd5552ed0d789e) Importer(815301076,1909f56bfc062723c751e8b465ee728b)
Start importing Assets/unity-chan!/Unity-chan! Model/Art/UnityChanShader/Texture/FO_RIM1.tga using Guid(a18067604964b5a4d8fd5552ed0d789e) Importer(815301076,1909f56bfc062723c751e8b465ee728b)  -> (artifact id: 'c25ec58d66d56a1200adc112831cbfae') in 0.023401 seconds 
========================================================================
Received Import Request.
  Time since last request: 0.000219 seconds.
  path: Assets/unity-chan!/Unity-chan! Model/Art/UnityChanShader/Texture/face_00.tga
  artifactKey: Guid(3cf2e516b5353d5499c41818747b4155) Importer(815301076,1909f56bfc062723c751e8b465ee728b)
Start importing Assets/unity-chan!/Unity-chan! Model/Art/UnityChanShader/Texture/face_00.tga using Guid(3cf2e516b5353d5499c41818747b4155) Importer(815301076,1909f56bfc062723c751e8b465ee728b)  -> (artifact id: 'fc3e2acc3159676eaf324e254b665f52') in 0.021934 seconds 
========================================================================
Received Import Request.
  Time since last request: 0.000324 seconds.
  path: Assets/unity-chan!/Unity-chan! Model/Art/Stage/Textures/unitychan_tile6.png
  artifactKey: Guid(44c03eb9b0d2ef34b9e7a60eec7f1b1d) Importer(815301076,1909f56bfc062723c751e8b465ee728b)
Start importing Assets/unity-chan!/Unity-chan! Model/Art/Stage/Textures/unitychan_tile6.png using Guid(44c03eb9b0d2ef34b9e7a60eec7f1b1d) Importer(815301076,1909f56bfc062723c751e8b465ee728b)  -> (artifact id: '00d3c4bb4f16e74f0eccb4a45dee806b') in 0.022662 seconds 
========================================================================
Received Import Request.
  Time since last request: 0.000231 seconds.
  path: Assets/unity-chan!/Unity-chan! Model/SplashScreen/Logo/Dark_Silhouette.png
  artifactKey: Guid(214f7e62633ee4585a55b459cc6d0f53) Importer(815301076,1909f56bfc062723c751e8b465ee728b)
Start importing Assets/unity-chan!/Unity-chan! Model/SplashScreen/Logo/Dark_Silhouette.png using Guid(214f7e62633ee4585a55b459cc6d0f53) Importer(815301076,1909f56bfc062723c751e8b465ee728b)  -> (artifact id: '190d4445ba58bdc3743afa50543e8478') in 0.016649 seconds 
========================================================================
Received Import Request.
  Time since last request: 0.000193 seconds.
  path: Assets/unity-chan!/Unity-chan! Model/Art/UnityChanShader/Texture/skin_01.tga
  artifactKey: Guid(cc51a9a8397e3c5498dda60419ad3ec9) Importer(815301076,1909f56bfc062723c751e8b465ee728b)
Start importing Assets/unity-chan!/Unity-chan! Model/Art/UnityChanShader/Texture/skin_01.tga using Guid(cc51a9a8397e3c5498dda60419ad3ec9) Importer(815301076,1909f56bfc062723c751e8b465ee728b)  -> (artifact id: '4e932823709637f3b94017e9bbfd1299') in 0.013993 seconds 
========================================================================
Received Import Request.
  Time since last request: 0.000248 seconds.
  path: Assets/unity-chan!/Unity-chan! Model/Documentation/UnityChanLicense2.0/License Logo/Others/jpg/Light_Silhouette.jpg
  artifactKey: Guid(c9231b186ae5e3f40b0e239756ad63e3) Importer(815301076,1909f56bfc062723c751e8b465ee728b)
Start importing Assets/unity-chan!/Unity-chan! Model/Documentation/UnityChanLicense2.0/License Logo/Others/jpg/Light_Silhouette.jpg using Guid(c9231b186ae5e3f40b0e239756ad63e3) Importer(815301076,1909f56bfc062723c751e8b465ee728b)  -> (artifact id: '7a4d3863feee243a82789c0c26dff329') in 0.012118 seconds 
========================================================================
Received Import Request.
  Time since last request: 0.000257 seconds.
  path: Assets/unity-chan!/Unity-chan! Model/Art/UnityChanShader/Texture/guide.tga
  artifactKey: Guid(d04d722a0c808412ea85876950eec517) Importer(815301076,1909f56bfc062723c751e8b465ee728b)
Start importing Assets/unity-chan!/Unity-chan! Model/Art/UnityChanShader/Texture/guide.tga using Guid(d04d722a0c808412ea85876950eec517) Importer(815301076,1909f56bfc062723c751e8b465ee728b)  -> (artifact id: 'b03b231e211ffef43722cd090b670db6') in 0.026175 seconds 
========================================================================
Received Import Request.
  Time since last request: 0.000236 seconds.
  path: Assets/unity-chan!/Unity-chan! Model/Art/UnityChanShader/Texture/hair_01.tga
  artifactKey: Guid(cbb65ec17f92eb44fb0dde6381b6a415) Importer(815301076,1909f56bfc062723c751e8b465ee728b)
Start importing Assets/unity-chan!/Unity-chan! Model/Art/UnityChanShader/Texture/hair_01.tga using Guid(cbb65ec17f92eb44fb0dde6381b6a415) Importer(815301076,1909f56bfc062723c751e8b465ee728b)  -> (artifact id: '0528a6fc0d25069535659fd0219ce6ac') in 0.023419 seconds 
========================================================================
Received Import Request.
  Time since last request: 0.000206 seconds.
  path: Assets/unity-chan!/Unity-chan! Model/Art/UnityChanShader/Texture/hair_01_SPEC.tga
  artifactKey: Guid(c4271b2b1e8bfa949aa9230abaa7709e) Importer(815301076,1909f56bfc062723c751e8b465ee728b)
Start importing Assets/unity-chan!/Unity-chan! Model/Art/UnityChanShader/Texture/hair_01_SPEC.tga using Guid(c4271b2b1e8bfa949aa9230abaa7709e) Importer(815301076,1909f56bfc062723c751e8b465ee728b)  -> (artifact id: 'f44fb54268e2125da13ba3f8bcf11f34') in 0.024179 seconds 
========================================================================
Received Import Request.
  Time since last request: 0.000186 seconds.
  path: Assets/unity-chan!/Unity-chan! Model/Art/Stage/Shader/Textures/Unity_Icon.png
  artifactKey: Guid(b442fd7ae2ec93c4b9b9eda0c032960c) Importer(815301076,1909f56bfc062723c751e8b465ee728b)
Start importing Assets/unity-chan!/Unity-chan! Model/Art/Stage/Shader/Textures/Unity_Icon.png using Guid(b442fd7ae2ec93c4b9b9eda0c032960c) Importer(815301076,1909f56bfc062723c751e8b465ee728b)  -> (artifact id: '58961036be09258cfba1d92f853d1380') in 0.012677 seconds 
========================================================================
Received Import Request.
  Time since last request: 0.000232 seconds.
  path: Assets/unity-chan!/Unity-chan! Model/Art/UnityChanShader/Texture/FO_SKIN1.tga
  artifactKey: Guid(a1d5b2277eb3f6245900378e6fa97575) Importer(815301076,1909f56bfc062723c751e8b465ee728b)
Start importing Assets/unity-chan!/Unity-chan! Model/Art/UnityChanShader/Texture/FO_SKIN1.tga using Guid(a1d5b2277eb3f6245900378e6fa97575) Importer(815301076,1909f56bfc062723c751e8b465ee728b)  -> (artifact id: '1d34665692079f987bc8d8e909ce7df8') in 0.010687 seconds 
========================================================================
Received Import Request.
  Time since last request: 0.000220 seconds.
  path: Assets/unity-chan!/Unity-chan! Model/Documentation/UnityChanLicense2.0/License Logo/Others/png/Dark_Silhouette.png
  artifactKey: Guid(e534fa5e8d6bad340bbc9196dabe6f51) Importer(815301076,1909f56bfc062723c751e8b465ee728b)
Start importing Assets/unity-chan!/Unity-chan! Model/Documentation/UnityChanLicense2.0/License Logo/Others/png/Dark_Silhouette.png using Guid(e534fa5e8d6bad340bbc9196dabe6f51) Importer(815301076,1909f56bfc062723c751e8b465ee728b)  -> (artifact id: '8c0cb09c0b287c09808364edcdda7cf9') in 0.009964 seconds 
========================================================================
Received Import Request.
  Time since last request: 0.000189 seconds.
  path: Assets/unity-chan!/Unity-chan! Model/Documentation/UnityChanLicense2.0/License Logo/Others/png/Light_Frame.png
  artifactKey: Guid(923fd2f82eaa9284ab1318842bb697df) Importer(815301076,1909f56bfc062723c751e8b465ee728b)
Start importing Assets/unity-chan!/Unity-chan! Model/Documentation/UnityChanLicense2.0/License Logo/Others/png/Light_Frame.png using Guid(923fd2f82eaa9284ab1318842bb697df) Importer(815301076,1909f56bfc062723c751e8b465ee728b)  -> (artifact id: 'f6defd46f6393c98c247cbed0b03b7b4') in 0.013575 seconds 
========================================================================
Received Import Request.
  Time since last request: 0.000258 seconds.
  path: Assets/unity-chan!/Unity-chan! Model/Art/UnityChanShader/Texture/body_01.tga
  artifactKey: Guid(f9c6074c5a78e71448f9efd3013cadda) Importer(815301076,1909f56bfc062723c751e8b465ee728b)
Start importing Assets/unity-chan!/Unity-chan! Model/Art/UnityChanShader/Texture/body_01.tga using Guid(f9c6074c5a78e71448f9efd3013cadda) Importer(815301076,1909f56bfc062723c751e8b465ee728b)  -> (artifact id: 'a7c4db100dd2ed7445c5a37f49a462b1') in 0.022863 seconds 
========================================================================
Received Import Request.
  Time since last request: 0.000336 seconds.
  path: Assets/unity-chan!/Unity-chan! Model/Art/UnityChanShader/Texture/FO_CLOTH1.tga
  artifactKey: Guid(cc8f70f2ec571e9478efa98c041cde7b) Importer(815301076,1909f56bfc062723c751e8b465ee728b)
Start importing Assets/unity-chan!/Unity-chan! Model/Art/UnityChanShader/Texture/FO_CLOTH1.tga using Guid(cc8f70f2ec571e9478efa98c041cde7b) Importer(815301076,1909f56bfc062723c751e8b465ee728b)  -> (artifact id: '82c69daea1839eb91871b33984ecde71') in 0.010256 seconds 
========================================================================
Received Import Request.
  Time since last request: 0.000252 seconds.
  path: Assets/unity-chan!/Unity-chan! Model/Art/Stage/Textures/unitychan_tile5.png
  artifactKey: Guid(08d5989fe2b3e024daf98a61c6a68072) Importer(815301076,1909f56bfc062723c751e8b465ee728b)
Start importing Assets/unity-chan!/Unity-chan! Model/Art/Stage/Textures/unitychan_tile5.png using Guid(08d5989fe2b3e024daf98a61c6a68072) Importer(815301076,1909f56bfc062723c751e8b465ee728b)  -> (artifact id: 'ca20314bbae4821e71a205463062ab04') in 0.023459 seconds 
========================================================================
Received Import Request.
  Time since last request: 0.000231 seconds.
  path: Assets/unity-chan!/Unity-chan! Model/Art/UnityChanShader/Texture/hair_01_NRM.tga
  artifactKey: Guid(9eea3b9b4b755f64da2c821145616f44) Importer(815301076,1909f56bfc062723c751e8b465ee728b)
Start importing Assets/unity-chan!/Unity-chan! Model/Art/UnityChanShader/Texture/hair_01_NRM.tga using Guid(9eea3b9b4b755f64da2c821145616f44) Importer(815301076,1909f56bfc062723c751e8b465ee728b)  -> (artifact id: 'a45192312e38604d1349ce7d9d985455') in 0.024063 seconds 
========================================================================
Received Import Request.
  Time since last request: 0.000210 seconds.
  path: Assets/unity-chan!/Unity-chan! Model/Documentation/UnityChanLicense2.0/License Logo/Others/png/Light_Silhouette.png
  artifactKey: Guid(5da648a54632ec64e9d42516f95a7fc4) Importer(815301076,1909f56bfc062723c751e8b465ee728b)
Start importing Assets/unity-chan!/Unity-chan! Model/Documentation/UnityChanLicense2.0/License Logo/Others/png/Light_Silhouette.png using Guid(5da648a54632ec64e9d42516f95a7fc4) Importer(815301076,1909f56bfc062723c751e8b465ee728b)  -> (artifact id: '29da4602f7b94242fe673d79baf94311') in 0.008838 seconds 
========================================================================
Received Import Request.
  Time since last request: 0.000237 seconds.
  path: Assets/unity-chan!/Unity-chan! Model/Art/UnityChanShader/Texture/cheek_00.tga
  artifactKey: Guid(89ede59217e3847c39c444f223f4084e) Importer(815301076,1909f56bfc062723c751e8b465ee728b)
Start importing Assets/unity-chan!/Unity-chan! Model/Art/UnityChanShader/Texture/cheek_00.tga using Guid(89ede59217e3847c39c444f223f4084e) Importer(815301076,1909f56bfc062723c751e8b465ee728b)  -> (artifact id: '59d4c2e4177fed4e5b91fecfe32fd4c7') in 0.011613 seconds 
========================================================================
Received Import Request.
  Time since last request: 0.000224 seconds.
  path: Assets/unity-chan!/Unity-chan! Model/Documentation/UnityChanLicense2.0/License Logo/Others/jpg/Dark_Silhouette.jpg
  artifactKey: Guid(29ceb9749c224174e9177a5c1ab7a909) Importer(815301076,1909f56bfc062723c751e8b465ee728b)
Start importing Assets/unity-chan!/Unity-chan! Model/Documentation/UnityChanLicense2.0/License Logo/Others/jpg/Dark_Silhouette.jpg using Guid(29ceb9749c224174e9177a5c1ab7a909) Importer(815301076,1909f56bfc062723c751e8b465ee728b)  -> (artifact id: '1c4f261ff545b07fc32a4c3c3b7b29a3') in 0.010836 seconds 
========================================================================
Received Import Request.
  Time since last request: 0.000299 seconds.
  path: Assets/unity-chan!/Unity-chan! Model/Art/UnityChanShader/Texture/body_01_SPEC.tga
  artifactKey: Guid(7ae1142e9b3a72048960dd9561e0e0d9) Importer(815301076,1909f56bfc062723c751e8b465ee728b)
Start importing Assets/unity-chan!/Unity-chan! Model/Art/UnityChanShader/Texture/body_01_SPEC.tga using Guid(7ae1142e9b3a72048960dd9561e0e0d9) Importer(815301076,1909f56bfc062723c751e8b465ee728b)  -> (artifact id: 'f07ab6111b20f8d2e6c42a4545d2e975') in 0.016718 seconds 
========================================================================
Received Import Request.
  Time since last request: 0.000260 seconds.
  path: Assets/unity-chan!/Unity-chan! Model/Art/UnityChanShader/Texture/eye_iris_R_00.tga
  artifactKey: Guid(7521661d2d6cebb479dea03e7336e5de) Importer(815301076,1909f56bfc062723c751e8b465ee728b)
Start importing Assets/unity-chan!/Unity-chan! Model/Art/UnityChanShader/Texture/eye_iris_R_00.tga using Guid(7521661d2d6cebb479dea03e7336e5de) Importer(815301076,1909f56bfc062723c751e8b465ee728b)  -> (artifact id: '733d60673ea871e700cf3c29c993053d') in 0.015936 seconds 
========================================================================
Received Import Request.
  Time since last request: 0.000253 seconds.
  path: Assets/unity-chan!/Unity-chan! Model/Art/Stage/Textures/unitychan_tile3.png
  artifactKey: Guid(0c13bdfc1ad5def4aa6650ca8a1568e5) Importer(815301076,1909f56bfc062723c751e8b465ee728b)
Start importing Assets/unity-chan!/Unity-chan! Model/Art/Stage/Textures/unitychan_tile3.png using Guid(0c13bdfc1ad5def4aa6650ca8a1568e5) Importer(815301076,1909f56bfc062723c751e8b465ee728b)  -> (artifact id: '1c95e37a25890fa86cc0c0ad68aef33e') in 0.021556 seconds 
========================================================================
Received Import Request.
  Time since last request: 0.000250 seconds.
  path: Assets/unity-chan!/Unity-chan! Model/Documentation/UnityChanLicense2.0/License Logo/LUUL_LOGO_rules02.psd
  artifactKey: Guid(1eb90fd0241a89b4781850606634ede3) Importer(815301076,1909f56bfc062723c751e8b465ee728b)
Start importing Assets/unity-chan!/Unity-chan! Model/Documentation/UnityChanLicense2.0/License Logo/LUUL_LOGO_rules02.psd using Guid(1eb90fd0241a89b4781850606634ede3) Importer(815301076,1909f56bfc062723c751e8b465ee728b)  -> (artifact id: 'f40155794113f9d67a0076b6e16816d2') in 0.026756 seconds 
========================================================================
Received Import Request.
  Time since last request: 28.451921 seconds.
  path: Assets/ReferenceImageLibrary.asset
  artifactKey: Guid(253f8a843dfd73e488ef24db505a7963) Importer(815301076,1909f56bfc062723c751e8b465ee728b)
Start importing Assets/ReferenceImageLibrary.asset using Guid(253f8a843dfd73e488ef24db505a7963) Importer(815301076,1909f56bfc062723c751e8b465ee728b)  -> (artifact id: 'e46619ace7a8aff683358568b7df0ce6') in 0.036335 seconds 
========================================================================
Received Import Request.
  Time since last request: 562.198549 seconds.
  path: Assets/ReferenceImageLibrary.asset
  artifactKey: Guid(253f8a843dfd73e488ef24db505a7963) Importer(815301076,1909f56bfc062723c751e8b465ee728b)
Start importing Assets/ReferenceImageLibrary.asset using Guid(253f8a843dfd73e488ef24db505a7963) Importer(815301076,1909f56bfc062723c751e8b465ee728b)  -> (artifact id: 'fe2e97623094093611f96f0ccf50dedc') in 0.021504 seconds 
========================================================================
Received Import Request.
  Time since last request: 4916.578938 seconds.
  path: Assets/Scenes/Markerless.unity
  artifactKey: Guid(7dd0dfaa1ad6f7e47960c6b164a29008) Importer(815301076,1909f56bfc062723c751e8b465ee728b)
Start importing Assets/Scenes/Markerless.unity using Guid(7dd0dfaa1ad6f7e47960c6b164a29008) Importer(815301076,1909f56bfc062723c751e8b465ee728b)  -> (artifact id: '45b0732a51d285f7d113af525b8cd9d4') in 0.006936 seconds 
========================================================================
Received Import Request.
  Time since last request: 612.353521 seconds.
  path: Assets/AR_Markerless.cs
  artifactKey: Guid(38b306d37936e7a41b77cffc14fb1a35) Importer(815301076,1909f56bfc062723c751e8b465ee728b)
Start importing Assets/AR_Markerless.cs using Guid(38b306d37936e7a41b77cffc14fb1a35) Importer(815301076,1909f56bfc062723c751e8b465ee728b)  -> (artifact id: 'ab2ddd0295b0882cc5e0d80c01b77626') in 0.018800 seconds 
========================================================================
Received Import Request.
  Time since last request: 1.919032 seconds.
  path: Assets/MultiMarker.cs
  artifactKey: Guid(e003c09350d4135479f78669429c56dd) Importer(815301076,1909f56bfc062723c751e8b465ee728b)
Start importing Assets/MultiMarker.cs using Guid(e003c09350d4135479f78669429c56dd) Importer(815301076,1909f56bfc062723c751e8b465ee728b)  -> (artifact id: 'b9ebdd0c6d4c1f86225788e6aabcfacd') in 0.005795 seconds 
========================================================================
Received Import Request.
  Time since last request: 1259.421146 seconds.
  path: Assets/Scenes/ARTrackImageMarker.unity
  artifactKey: Guid(def98899826abd24ca73dbe942784009) Importer(815301076,1909f56bfc062723c751e8b465ee728b)
Start importing Assets/Scenes/ARTrackImageMarker.unity using Guid(def98899826abd24ca73dbe942784009) Importer(815301076,1909f56bfc062723c751e8b465ee728b)  -> (artifact id: '4c8ffd7e29c299f8be63b08bceeed0b3') in 0.006210 seconds 
========================================================================
Received Prepare
Registering precompiled user dll's ...
Registered in 0.459969 seconds.
Begin MonoManager ReloadAssembly
Native extension for WindowsStandalone target not found
Refreshing native plugins compatible for Editor in 0.42 ms, found 2 plugins.
Preloading 0 native plugins for Editor in 0.00 ms.
Mono: successfully reloaded assembly
- Completed reload, in  6.901 seconds
Domain Reload Profiling:
	ReloadAssembly (6902ms)
		BeginReloadAssembly (2690ms)
			ExecutionOrderSort (0ms)
			DisableScriptedObjects (13ms)
			BackupInstance (0ms)
			ReleaseScriptingObjects (0ms)
			CreateAndSetChildDomain (83ms)
		EndReloadAssembly (4141ms)
			LoadAssemblies (4423ms)
			RebuildTransferFunctionScriptingTraits (0ms)
			SetupTypeCache (962ms)
			ReleaseScriptCaches (1ms)
			RebuildScriptCaches (44ms)
			SetupLoadedEditorAssemblies (1088ms)
				LogAssemblyErrors (0ms)
				InitializePlatformSupportModulesInManaged (5ms)
				SetLoadedEditorAssemblies (1ms)
				RefreshPlugins (0ms)
				BeforeProcessingInitializeOnLoad (118ms)
				ProcessInitializeOnLoadAttributes (302ms)
				ProcessInitializeOnLoadMethodAttributes (655ms)
				AfterProcessingInitializeOnLoad (7ms)
				EditorAssembliesLoaded (0ms)
			ExecutionOrderSort2 (0ms)
			AwakeInstancesAfterBackupRestoration (6ms)
Platform modules already initialized, skipping
Switching build target platform(19) subTarget(0) extendedPlatform(0) -> platform(13) subTarget(524288) extendedPlatform(0)
Refreshing native plugins compatible for Editor in 0.40 ms, found 2 plugins.
Preloading 0 native plugins for Editor in 0.00 ms.
Unloading 1861 Unused Serialized files (Serialized files now loaded: 0)
System memory in use before: 90.4 MB.
System memory in use after: 90.5 MB.

Unloading 12 unused Assets to reduce memory usage. Loaded Objects now: 2334.
Total: 2.819100 ms (FindLiveObjects: 0.148900 ms CreateObjectMapping: 0.058000 ms MarkObjects: 2.536200 ms  DeleteObjects: 0.075400 ms)

AssetImportParameters requested are different than current active one (requested -> active):
  custom:framework-win-MediaFoundation: 216162199b28c13a410421893ffa2e32 -> 
  custom:video-decoder-ogg-theora: a1e56fd34408186e4bbccfd4996cb3dc -> 
  custom:container-muxer-webm: aa71ff27fc2769a1b78a27578f13a17b -> 
  custom:container-demuxer-webm: 4f35f7cbe854078d1ac9338744f61a02 -> 
  custom:container-demuxer-ogg: 62fdf1f143b41e24485cea50d1cbac27 -> 
  custom:video-encoder-webm-vp8: eb34c28f22e8b96e1ab97ce403110664 -> 
  custom:video-decoder-webm-vp8: 9c59270c3fd7afecdb556c50c9e8de78 -> 
  custom:graphics/normal-map-encoding: 01000000000000000000000000000000 -> 02000000000000000000000000000000
  custom:audio-decoder-ogg-vorbis: bf7c407c2cedff20999df2af8eb42d56 -> 
  custom:audio-encoder-webm-vorbis: bf7c407c2cedff20999df2af8eb42d56 -> 
AssetImportWorkerClient::OnTransportError - code=2 error=End of file
